<?xml version="1.0" encoding="UTF-8"?>
<testsuite xmlns:xsi="http://www.w3.org/2001/XMLSchema-instance" xsi:noNamespaceSchemaLocation="https://maven.apache.org/surefire/maven-surefire-plugin/xsd/surefire-test-report.xsd" version="3.0.2" name="com.backend.assessment.service.PolicyServiceTest" time="1.395" tests="2" errors="0" skipped="0" failures="0">
  <properties>
[...]
</properties>
  <testcase name="getPolicies_whenRepositoryReturnsPage_returnsMappedDomainPage" classname="com.backend.assessment.service.PolicyServiceTest" time="0.245">
    <system-out><![CDATA[2026-06-10T19:27:54.846+05:30  INFO 6924 --- [backend-assessment-api] [           main] c.b.assessment.service.PolicyService     : getPolicies completed. correlationId=null pageSize=10 totalElements=1 durationMs=66
]]></system-out>
  </testcase>
  <testcase name="getPolicies_whenRepositoryEmpty_returnsEmptyPage" classname="com.backend.assessment.service.PolicyServiceTest" time="0.042">
    <system-out><![CDATA[2026-06-10T19:27:54.899+05:30  INFO 6924 --- [backend-assessment-api] [           main] c.b.assessment.service.PolicyService     : getPolicies completed. correlationId=null pageSize=10 totalElements=0 durationMs=3
]]></system-out>
  </testcase>
</testsuite>