<?xml version="1.0" encoding="UTF-8"?>
<testsuite xmlns:xsi="http://www.w3.org/2001/XMLSchema-instance" xsi:noNamespaceSchemaLocation="https://maven.apache.org/surefire/maven-surefire-plugin/xsd/surefire-test-report.xsd" version="3.0.2" name="com.backend.assessment.api.controller.PolicyControllerIntegrationTest" time="21.679" tests="6" errors="0" skipped="0" failures="0">
  <properties>
[...]
</properties>
  <testcase name="getPolicies_whenRequested_setsCorrelationIdResponseHeader" classname="com.backend.assessment.api.controller.PolicyControllerIntegrationTest" time="2.341">
    <system-out><![CDATA[19:27:27.154 [main] INFO org.springframework.test.context.support.AnnotationConfigContextLoaderUtils -- Could not detect default configuration classes for test class [com.backend.assessment.api.controller.PolicyControllerIntegrationTest]: PolicyControllerIntegrationTest does not declare any static, non-private, non-final, nested classes annotated with @Configuration.
19:27:27.988 [main] INFO org.springframework.boot.test.context.SpringBootTestContextBootstrapper -- Found @SpringBootConfiguration com.backend.assessment.BackendAssessmentApplication for test class com.backend.assessment.api.controller.PolicyControllerIntegrationTest

  .   ____          _            __ _ _
 /\\ / ___'_ __ _ _(_)_ __  __ _ \ \ \ \
( ( )\___ | '_ | '_| | '_ \/ _` | \ \ \ \
 \\/  ___)| |_)| | | | | || (_| |  ) ) ) )
  '  |____| .__|_| |_|_| |_\__, | / / / /
 =========|_|==============|___/=/_/_/_/

 :: Spring Boot ::                (v3.5.0)

2026-06-10T19:27:29.799+05:30  INFO 6924 --- [backend-assessment-api] [           main] .b.a.a.c.PolicyControllerIntegrationTest : Starting PolicyControllerIntegrationTest using Java 17.0.12 with PID 6924 (started by DELL in C:\Users\DELL\Desktop\Demo_Sb_Backend1\backend-assessment-api)
2026-06-10T19:27:29.812+05:30  INFO 6924 --- [backend-assessment-api] [           main] .b.a.a.c.PolicyControllerIntegrationTest : No active profile set, falling back to 1 default profile: "default"
2026-06-10T19:27:33.462+05:30  INFO 6924 --- [backend-assessment-api] [           main] .s.d.r.c.RepositoryConfigurationDelegate : Bootstrapping Spring Data JPA repositories in DEFAULT mode.
2026-06-10T19:27:33.694+05:30  INFO 6924 --- [backend-assessment-api] [           main] .s.d.r.c.RepositoryConfigurationDelegate : Finished Spring Data repository scanning in 201 ms. Found 1 JPA repository interface.
2026-06-10T19:27:35.814+05:30  INFO 6924 --- [backend-assessment-api] [           main] com.zaxxer.hikari.HikariDataSource       : HikariPool-1 - Starting...
2026-06-10T19:27:36.631+05:30  INFO 6924 --- [backend-assessment-api] [           main] com.zaxxer.hikari.pool.HikariPool        : HikariPool-1 - Added connection org.postgresql.jdbc.PgConnection@2035d65b
2026-06-10T19:27:36.637+05:30  INFO 6924 --- [backend-assessment-api] [           main] com.zaxxer.hikari.HikariDataSource       : HikariPool-1 - Start completed.
2026-06-10T19:27:36.845+05:30  INFO 6924 --- [backend-assessment-api] [           main] org.flywaydb.core.FlywayExecutor         : Database: jdbc:postgresql://localhost:5432/policydb (PostgreSQL 17.10)
2026-06-10T19:27:37.117+05:30  INFO 6924 --- [backend-assessment-api] [           main] o.f.core.internal.command.DbValidate     : Successfully validated 2 migrations (execution time 00:00.174s)
2026-06-10T19:27:37.202+05:30  INFO 6924 --- [backend-assessment-api] [           main] o.f.core.internal.command.DbMigrate      : Current version of schema "public": 2
2026-06-10T19:27:37.205+05:30  INFO 6924 --- [backend-assessment-api] [           main] o.f.core.internal.command.DbMigrate      : Schema "public" is up to date. No migration necessary.
2026-06-10T19:27:37.714+05:30  INFO 6924 --- [backend-assessment-api] [           main] o.hibernate.jpa.internal.util.LogHelper  : HHH000204: Processing PersistenceUnitInfo [name: default]
2026-06-10T19:27:38.002+05:30  INFO 6924 --- [backend-assessment-api] [           main] org.hibernate.Version                    : HHH000412: Hibernate ORM core version 6.6.15.Final
2026-06-10T19:27:38.174+05:30  INFO 6924 --- [backend-assessment-api] [           main] o.h.c.internal.RegionFactoryInitiator    : HHH000026: Second-level cache disabled
2026-06-10T19:27:39.421+05:30  INFO 6924 --- [backend-assessment-api] [           main] o.s.o.j.p.SpringPersistenceUnitInfo      : No LoadTimeWeaver setup: ignoring JPA class transformer
2026-06-10T19:27:39.764+05:30  INFO 6924 --- [backend-assessment-api] [           main] org.hibernate.orm.connections.pooling    : HHH10001005: Database info:
	Database JDBC URL [Connecting through datasource 'HikariDataSource (HikariPool-1)']
	Database driver: undefined/unknown
	Database version: 17.10
	Autocommit mode: undefined/unknown
	Isolation level: undefined/unknown
	Minimum pool size: undefined/unknown
	Maximum pool size: undefined/unknown
2026-06-10T19:27:42.260+05:30  INFO 6924 --- [backend-assessment-api] [           main] o.h.e.t.j.p.i.JtaPlatformInitiator       : HHH000489: No JTA platform available (set 'hibernate.transaction.jta.platform' to enable JTA platform integration)
2026-06-10T19:27:42.351+05:30  INFO 6924 --- [backend-assessment-api] [           main] j.LocalContainerEntityManagerFactoryBean : Initialized JPA EntityManagerFactory for persistence unit 'default'
2026-06-10T19:27:45.110+05:30  INFO 6924 --- [backend-assessment-api] [           main] o.s.b.t.m.w.SpringBootMockServletContext : Initializing Spring TestDispatcherServlet ''
2026-06-10T19:27:45.110+05:30  INFO 6924 --- [backend-assessment-api] [           main] o.s.t.web.servlet.TestDispatcherServlet  : Initializing Servlet ''
2026-06-10T19:27:45.125+05:30  INFO 6924 --- [backend-assessment-api] [           main] o.s.t.web.servlet.TestDispatcherServlet  : Completed initialization in 15 ms
2026-06-10T19:27:45.218+05:30  INFO 6924 --- [backend-assessment-api] [           main] .b.a.a.c.PolicyControllerIntegrationTest : Started PolicyControllerIntegrationTest in 16.769 seconds (process running for 20.866)
2026-06-10T19:27:47.404+05:30  INFO 6924 --- [backend-assessment-api] [           main] c.b.assessment.service.PolicyService     : getPolicies completed. correlationId=6641415f-7fbc-49c6-abd6-8a1e2ac1661c pageSize=10 totalElements=12 durationMs=666
2026-06-10T19:27:47.544+05:30  INFO 6924 --- [backend-assessment-api] [           main] c.b.a.c.logging.CorrelationIdFilter      : Request completed. correlationId=6641415f-7fbc-49c6-abd6-8a1e2ac1661c method=GET path=/api/policies status=200 durationMs=916
]]></system-out>
  </testcase>
  <testcase name="getPolicies_acrossAllSeededData_includesBothExpiringAndNonExpiringPolicies" classname="com.backend.assessment.api.controller.PolicyControllerIntegrationTest" time="0.08">
    <system-out><![CDATA[2026-06-10T19:27:47.650+05:30  INFO 6924 --- [backend-assessment-api] [           main] c.b.assessment.service.PolicyService     : getPolicies completed. correlationId=7d589367-b33d-4abd-98ee-bd1621c306d0 pageSize=20 totalElements=12 durationMs=13
2026-06-10T19:27:47.659+05:30  INFO 6924 --- [backend-assessment-api] [           main] c.b.a.c.logging.CorrelationIdFilter      : Request completed. correlationId=7d589367-b33d-4abd-98ee-bd1621c306d0 method=GET path=/api/policies status=200 durationMs=23
]]></system-out>
  </testcase>
  <testcase name="getPolicies_whenPoliciesReturned_mapRegionAndStatusToDisplayValues" classname="com.backend.assessment.api.controller.PolicyControllerIntegrationTest" time="0.055">
    <system-out><![CDATA[2026-06-10T19:27:47.740+05:30  INFO 6924 --- [backend-assessment-api] [           main] c.b.assessment.service.PolicyService     : getPolicies completed. correlationId=500e30f8-1f52-4bb0-92cb-d2adf9176559 pageSize=20 totalElements=12 durationMs=22
2026-06-10T19:27:47.752+05:30  INFO 6924 --- [backend-assessment-api] [           main] c.b.a.c.logging.CorrelationIdFilter      : Request completed. correlationId=500e30f8-1f52-4bb0-92cb-d2adf9176559 method=GET path=/api/policies status=200 durationMs=30
]]></system-out>
  </testcase>
  <testcase name="getPolicies_withExplicitPageSize_limitsContentAndPaginates" classname="com.backend.assessment.api.controller.PolicyControllerIntegrationTest" time="0.024">
    <system-out><![CDATA[2026-06-10T19:27:47.783+05:30  INFO 6924 --- [backend-assessment-api] [           main] c.b.assessment.service.PolicyService     : getPolicies completed. correlationId=4dc6680d-5917-4fec-ba34-0ba26b1760ea pageSize=5 totalElements=12 durationMs=10
2026-06-10T19:27:47.783+05:30  INFO 6924 --- [backend-assessment-api] [           main] c.b.a.c.logging.CorrelationIdFilter      : Request completed. correlationId=4dc6680d-5917-4fec-ba34-0ba26b1760ea method=GET path=/api/policies status=200 durationMs=13
]]></system-out>
  </testcase>
  <testcase name="getPolicies_withDefaultPaging_returnsFirstPageOfSeededData" classname="com.backend.assessment.api.controller.PolicyControllerIntegrationTest" time="0.076">
    <system-out><![CDATA[2026-06-10T19:27:47.845+05:30  INFO 6924 --- [backend-assessment-api] [           main] c.b.assessment.service.PolicyService     : getPolicies completed. correlationId=f627fa8f-0dd0-4722-8db5-5877a6daf049 pageSize=10 totalElements=12 durationMs=35
2026-06-10T19:27:47.857+05:30  INFO 6924 --- [backend-assessment-api] [           main] c.b.a.c.logging.CorrelationIdFilter      : Request completed. correlationId=f627fa8f-0dd0-4722-8db5-5877a6daf049 method=GET path=/api/policies status=200 durationMs=42
]]></system-out>
  </testcase>
  <testcase name="request_whenResourceMissing_returnsNotFoundErrorWithCorrelationId" classname="com.backend.assessment.api.controller.PolicyControllerIntegrationTest" time="0.089">
    <system-out><![CDATA[2026-06-10T19:27:47.915+05:30  WARN 6924 --- [backend-assessment-api] [           main] c.b.a.a.e.GlobalExceptionHandler         : Resource not found. correlationId=4f704433-7ab0-4e70-a42e-1812d759c622 path=api/does-not-exist
2026-06-10T19:27:47.966+05:30  INFO 6924 --- [backend-assessment-api] [           main] c.b.a.c.logging.CorrelationIdFilter      : Request completed. correlationId=4f704433-7ab0-4e70-a42e-1812d759c622 method=GET path=/api/does-not-exist status=404 durationMs=84
]]></system-out>
  </testcase>
</testsuite>