<?xml version="1.0" encoding="UTF-8"?>
<testsuite xmlns:xsi="http://www.w3.org/2001/XMLSchema-instance" xsi:noNamespaceSchemaLocation="https://maven.apache.org/surefire/maven-surefire-plugin/xsd/surefire-test-report.xsd" version="3.0.2" name="com.backend.assessment.BackendAssessmentApplicationTest" time="5.087" tests="1" errors="0" skipped="0" failures="0">
  <properties>
[...]
</properties>
  <testcase name="contextLoads_whenApplicationStarts_contextIsInitialized" classname="com.backend.assessment.BackendAssessmentApplicationTest" time="0.016">
    <system-out><![CDATA[2026-06-10T19:27:48.253+05:30  INFO 6924 --- [backend-assessment-api] [           main] t.c.s.AnnotationConfigContextLoaderUtils : Could not detect default configuration classes for test class [com.backend.assessment.BackendAssessmentApplicationTest]: BackendAssessmentApplicationTest does not declare any static, non-private, non-final, nested classes annotated with @Configuration.
2026-06-10T19:27:48.449+05:30  INFO 6924 --- [backend-assessment-api] [           main] .b.t.c.SpringBootTestContextBootstrapper : Found @SpringBootConfiguration com.backend.assessment.BackendAssessmentApplication for test class com.backend.assessment.BackendAssessmentApplicationTest

  .   ____          _            __ _ _
 /\\ / ___'_ __ _ _(_)_ __  __ _ \ \ \ \
( ( )\___ | '_ | '_| | '_ \/ _` | \ \ \ \
 \\/  ___)| |_)| | | | | || (_| |  ) ) ) )
  '  |____| .__|_| |_|_| |_\__, | / / / /
 =========|_|==============|___/=/_/_/_/

 :: Spring Boot ::                (v3.5.0)

2026-06-10T19:27:48.599+05:30  INFO 6924 --- [backend-assessment-api] [           main] c.b.a.BackendAssessmentApplicationTest   : Starting BackendAssessmentApplicationTest using Java 17.0.12 with PID 6924 (started by DELL in C:\Users\DELL\Desktop\Demo_Sb_Backend1\backend-assessment-api)
2026-06-10T19:27:48.599+05:30  INFO 6924 --- [backend-assessment-api] [           main] c.b.a.BackendAssessmentApplicationTest   : No active profile set, falling back to 1 default profile: "default"
2026-06-10T19:27:50.649+05:30  INFO 6924 --- [backend-assessment-api] [           main] .s.d.r.c.RepositoryConfigurationDelegate : Bootstrapping Spring Data JPA repositories in DEFAULT mode.
2026-06-10T19:27:50.766+05:30  INFO 6924 --- [backend-assessment-api] [           main] .s.d.r.c.RepositoryConfigurationDelegate : Finished Spring Data repository scanning in 103 ms. Found 1 JPA repository interface.
2026-06-10T19:27:51.126+05:30  INFO 6924 --- [backend-assessment-api] [           main] com.zaxxer.hikari.HikariDataSource       : HikariPool-2 - Starting...
2026-06-10T19:27:51.232+05:30  INFO 6924 --- [backend-assessment-api] [           main] com.zaxxer.hikari.pool.HikariPool        : HikariPool-2 - Added connection org.postgresql.jdbc.PgConnection@2c99419f
2026-06-10T19:27:51.233+05:30  INFO 6924 --- [backend-assessment-api] [           main] com.zaxxer.hikari.HikariDataSource       : HikariPool-2 - Start completed.
2026-06-10T19:27:51.237+05:30  INFO 6924 --- [backend-assessment-api] [           main] org.flywaydb.core.FlywayExecutor         : Database: jdbc:postgresql://localhost:5432/policydb (PostgreSQL 17.10)
2026-06-10T19:27:51.291+05:30  INFO 6924 --- [backend-assessment-api] [           main] o.f.core.internal.command.DbValidate     : Successfully validated 2 migrations (execution time 00:00.030s)
2026-06-10T19:27:51.539+05:30  INFO 6924 --- [backend-assessment-api] [           main] o.f.core.internal.command.DbMigrate      : Current version of schema "public": 2
2026-06-10T19:27:51.540+05:30  INFO 6924 --- [backend-assessment-api] [           main] o.f.core.internal.command.DbMigrate      : Schema "public" is up to date. No migration necessary.
2026-06-10T19:27:51.672+05:30  INFO 6924 --- [backend-assessment-api] [           main] o.hibernate.jpa.internal.util.LogHelper  : HHH000204: Processing PersistenceUnitInfo [name: default]
2026-06-10T19:27:51.725+05:30  INFO 6924 --- [backend-assessment-api] [           main] o.h.c.internal.RegionFactoryInitiator    : HHH000026: Second-level cache disabled
2026-06-10T19:27:51.873+05:30  INFO 6924 --- [backend-assessment-api] [           main] o.s.o.j.p.SpringPersistenceUnitInfo      : No LoadTimeWeaver setup: ignoring JPA class transformer
2026-06-10T19:27:51.902+05:30  INFO 6924 --- [backend-assessment-api] [           main] org.hibernate.orm.connections.pooling    : HHH10001005: Database info:
	Database JDBC URL [Connecting through datasource 'HikariDataSource (HikariPool-2)']
	Database driver: undefined/unknown
	Database version: 17.10
	Autocommit mode: undefined/unknown
	Isolation level: undefined/unknown
	Minimum pool size: undefined/unknown
	Maximum pool size: undefined/unknown
2026-06-10T19:27:52.109+05:30  INFO 6924 --- [backend-assessment-api] [           main] o.h.e.t.j.p.i.JtaPlatformInitiator       : HHH000489: No JTA platform available (set 'hibernate.transaction.jta.platform' to enable JTA platform integration)
2026-06-10T19:27:52.158+05:30  INFO 6924 --- [backend-assessment-api] [           main] j.LocalContainerEntityManagerFactoryBean : Initialized JPA EntityManagerFactory for persistence unit 'default'
2026-06-10T19:27:53.298+05:30  INFO 6924 --- [backend-assessment-api] [           main] c.b.a.BackendAssessmentApplicationTest   : Started BackendAssessmentApplicationTest in 4.83 seconds (process running for 28.941)
]]></system-out>
  </testcase>
</testsuite>