<?xml version="1.0" encoding="UTF-8"?>
<testsuite xmlns:xsi="http://www.w3.org/2001/XMLSchema-instance" xsi:noNamespaceSchemaLocation="https://maven.apache.org/surefire/maven-surefire-plugin/xsd/surefire-test-report.xsd" version="3.0.2" name="com.backend.assessment.api.controller.PolicyControllerIntegrationTest" time="28.788" tests="11" errors="0" skipped="0" failures="0">
  <properties>
[...]
</properties>
  <testcase name="listPolicies_withExplicitPageSize_limitsContentAndPaginates" classname="com.backend.assessment.api.controller.PolicyControllerIntegrationTest" time="1.985">
    <system-out><![CDATA[15:58:01.559 [main] INFO org.springframework.test.context.support.AnnotationConfigContextLoaderUtils -- Could not detect default configuration classes for test class [com.backend.assessment.api.controller.PolicyControllerIntegrationTest]: PolicyControllerIntegrationTest does not declare any static, non-private, non-final, nested classes annotated with @Configuration.
15:58:02.130 [main] INFO org.springframework.boot.test.context.SpringBootTestContextBootstrapper -- Found @SpringBootConfiguration com.backend.assessment.BackendAssessmentApplication for test class com.backend.assessment.api.controller.PolicyControllerIntegrationTest

  .   ____          _            __ _ _
 /\\ / ___'_ __ _ _(_)_ __  __ _ \ \ \ \
( ( )\___ | '_ | '_| | '_ \/ _` | \ \ \ \
 \\/  ___)| |_)| | | | | || (_| |  ) ) ) )
  '  |____| .__|_| |_|_| |_\__, | / / / /
 =========|_|==============|___/=/_/_/_/

 :: Spring Boot ::                (v3.5.0)

2026-06-12T15:58:04.142+05:30  INFO 13024 --- [backend-assessment-api] [           main] .b.a.a.c.PolicyControllerIntegrationTest : Starting PolicyControllerIntegrationTest using Java 17.0.12 with PID 13024 (started by DELL in C:\Users\DELL\Desktop\Demo_Sb_Backend1\backend-assessment-api)
2026-06-12T15:58:04.158+05:30  INFO 13024 --- [backend-assessment-api] [           main] .b.a.a.c.PolicyControllerIntegrationTest : No active profile set, falling back to 1 default profile: "default"
2026-06-12T15:58:08.259+05:30  INFO 13024 --- [backend-assessment-api] [           main] .s.d.r.c.RepositoryConfigurationDelegate : Bootstrapping Spring Data JPA repositories in DEFAULT mode.
2026-06-12T15:58:08.840+05:30  INFO 13024 --- [backend-assessment-api] [           main] .s.d.r.c.RepositoryConfigurationDelegate : Finished Spring Data repository scanning in 510 ms. Found 1 JPA repository interface.
2026-06-12T15:58:11.384+05:30  INFO 13024 --- [backend-assessment-api] [           main] com.zaxxer.hikari.HikariDataSource       : HikariPool-1 - Starting...
2026-06-12T15:58:12.274+05:30  INFO 13024 --- [backend-assessment-api] [           main] com.zaxxer.hikari.pool.HikariPool        : HikariPool-1 - Added connection org.postgresql.jdbc.PgConnection@2d4fb0d8
2026-06-12T15:58:12.279+05:30  INFO 13024 --- [backend-assessment-api] [           main] com.zaxxer.hikari.HikariDataSource       : HikariPool-1 - Start completed.
2026-06-12T15:58:12.376+05:30  INFO 13024 --- [backend-assessment-api] [           main] org.flywaydb.core.FlywayExecutor         : Database: jdbc:postgresql://localhost:5432/policydb (PostgreSQL 17.10)
2026-06-12T15:58:12.688+05:30  INFO 13024 --- [backend-assessment-api] [           main] o.f.core.internal.command.DbValidate     : Successfully validated 3 migrations (execution time 00:00.219s)
2026-06-12T15:58:12.732+05:30  INFO 13024 --- [backend-assessment-api] [           main] o.f.core.internal.command.DbMigrate      : Current version of schema "public": 3
2026-06-12T15:58:12.747+05:30  INFO 13024 --- [backend-assessment-api] [           main] o.f.core.internal.command.DbMigrate      : Schema "public" is up to date. No migration necessary.
2026-06-12T15:58:13.211+05:30  INFO 13024 --- [backend-assessment-api] [           main] o.hibernate.jpa.internal.util.LogHelper  : HHH000204: Processing PersistenceUnitInfo [name: default]
2026-06-12T15:58:13.507+05:30  INFO 13024 --- [backend-assessment-api] [           main] org.hibernate.Version                    : HHH000412: Hibernate ORM core version 6.6.15.Final
2026-06-12T15:58:13.731+05:30  INFO 13024 --- [backend-assessment-api] [           main] o.h.c.internal.RegionFactoryInitiator    : HHH000026: Second-level cache disabled
2026-06-12T15:58:15.417+05:30  INFO 13024 --- [backend-assessment-api] [           main] o.s.o.j.p.SpringPersistenceUnitInfo      : No LoadTimeWeaver setup: ignoring JPA class transformer
2026-06-12T15:58:15.750+05:30  INFO 13024 --- [backend-assessment-api] [           main] org.hibernate.orm.connections.pooling    : HHH10001005: Database info:
	Database JDBC URL [Connecting through datasource 'HikariDataSource (HikariPool-1)']
	Database driver: undefined/unknown
	Database version: 17.10
	Autocommit mode: undefined/unknown
	Isolation level: undefined/unknown
	Minimum pool size: undefined/unknown
	Maximum pool size: undefined/unknown
2026-06-12T15:58:18.145+05:30  INFO 13024 --- [backend-assessment-api] [           main] o.h.e.t.j.p.i.JtaPlatformInitiator       : HHH000489: No JTA platform available (set 'hibernate.transaction.jta.platform' to enable JTA platform integration)
2026-06-12T15:58:18.234+05:30  INFO 13024 --- [backend-assessment-api] [           main] j.LocalContainerEntityManagerFactoryBean : Initialized JPA EntityManagerFactory for persistence unit 'default'
2026-06-12T15:58:19.101+05:30  INFO 13024 --- [backend-assessment-api] [           main] o.s.d.j.r.query.QueryEnhancerFactory     : Hibernate is in classpath; If applicable, HQL parser will be used.
2026-06-12T15:58:26.967+05:30  INFO 13024 --- [backend-assessment-api] [           main] o.s.b.t.m.w.SpringBootMockServletContext : Initializing Spring TestDispatcherServlet ''
2026-06-12T15:58:26.968+05:30  INFO 13024 --- [backend-assessment-api] [           main] o.s.t.web.servlet.TestDispatcherServlet  : Initializing Servlet ''
2026-06-12T15:58:26.971+05:30  INFO 13024 --- [backend-assessment-api] [           main] o.s.t.web.servlet.TestDispatcherServlet  : Completed initialization in 3 ms
2026-06-12T15:58:27.094+05:30  INFO 13024 --- [backend-assessment-api] [           main] .b.a.a.c.PolicyControllerIntegrationTest : Started PolicyControllerIntegrationTest in 24.387 seconds (process running for 27.916)
2026-06-12T15:58:28.813+05:30  INFO 13024 --- [backend-assessment-api] [           main] c.b.assessment.service.PolicyService     : getPolicies completed. correlationId=f7e91846-4a9d-48a2-b89d-576a5b72c09d pageSize=5 totalElements=12 durationMs=553
2026-06-12T15:58:28.929+05:30  INFO 13024 --- [backend-assessment-api] [           main] c.b.a.c.logging.CorrelationIdFilter      : Request completed. correlationId=f7e91846-4a9d-48a2-b89d-576a5b72c09d method=GET path=/api/v1/policies status=200 durationMs=778
]]></system-out>
  </testcase>
  <testcase name="listPolicies_whenRequested_setsCorrelationIdResponseHeader" classname="com.backend.assessment.api.controller.PolicyControllerIntegrationTest" time="0.052">
    <system-out><![CDATA[2026-06-12T15:58:29.159+05:30  INFO 13024 --- [backend-assessment-api] [           main] c.b.assessment.service.PolicyService     : getPolicies completed. correlationId=4eb2ec5b-3390-4b1e-b838-4a02b9b7be5a pageSize=10 totalElements=12 durationMs=14
2026-06-12T15:58:29.163+05:30  INFO 13024 --- [backend-assessment-api] [           main] c.b.a.c.logging.CorrelationIdFilter      : Request completed. correlationId=4eb2ec5b-3390-4b1e-b838-4a02b9b7be5a method=GET path=/api/v1/policies status=200 durationMs=24
]]></system-out>
  </testcase>
  <testcase name="listPolicies_withDefaultPaging_returnsFirstPageOfSeededData" classname="com.backend.assessment.api.controller.PolicyControllerIntegrationTest" time="0.037">
    <system-out><![CDATA[2026-06-12T15:58:29.212+05:30  INFO 13024 --- [backend-assessment-api] [           main] c.b.assessment.service.PolicyService     : getPolicies completed. correlationId=e7c93ffa-950c-48fe-a656-ef770598d475 pageSize=10 totalElements=12 durationMs=10
2026-06-12T15:58:29.216+05:30  INFO 13024 --- [backend-assessment-api] [           main] c.b.a.c.logging.CorrelationIdFilter      : Request completed. correlationId=e7c93ffa-950c-48fe-a656-ef770598d475 method=GET path=/api/v1/policies status=200 durationMs=24
]]></system-out>
  </testcase>
  <testcase name="listPolicies_whenReturned_mapDisplayValuesAndExposeNewFields" classname="com.backend.assessment.api.controller.PolicyControllerIntegrationTest" time="0.046">
    <system-out><![CDATA[2026-06-12T15:58:29.255+05:30  INFO 13024 --- [backend-assessment-api] [           main] c.b.assessment.service.PolicyService     : getPolicies completed. correlationId=80d6ef12-758b-46b0-979c-7cd596993dc2 pageSize=20 totalElements=12 durationMs=11
2026-06-12T15:58:29.255+05:30  INFO 13024 --- [backend-assessment-api] [           main] c.b.a.c.logging.CorrelationIdFilter      : Request completed. correlationId=80d6ef12-758b-46b0-979c-7cd596993dc2 method=GET path=/api/v1/policies status=200 durationMs=19
]]></system-out>
  </testcase>
  <testcase name="listPolicies_searchByHolderName_matchesHolder" classname="com.backend.assessment.api.controller.PolicyControllerIntegrationTest" time="0.047">
    <system-out><![CDATA[2026-06-12T15:58:29.333+05:30  INFO 13024 --- [backend-assessment-api] [           main] c.b.assessment.service.PolicyService     : getPolicies completed. correlationId=0bc0c766-6198-4e59-a086-69d62011fb4c pageSize=20 totalElements=2 durationMs=16
2026-06-12T15:58:29.333+05:30  INFO 13024 --- [backend-assessment-api] [           main] c.b.a.c.logging.CorrelationIdFilter      : Request completed. correlationId=0bc0c766-6198-4e59-a086-69d62011fb4c method=GET path=/api/v1/policies status=200 durationMs=37
]]></system-out>
  </testcase>
  <testcase name="listPolicies_filteredByLineOfBusiness_returnsOnlyThatLine" classname="com.backend.assessment.api.controller.PolicyControllerIntegrationTest" time="0.04">
    <system-out><![CDATA[2026-06-12T15:58:29.367+05:30  INFO 13024 --- [backend-assessment-api] [           main] c.b.assessment.service.PolicyService     : getPolicies completed. correlationId=c0220558-d2c6-425a-a7e4-d9aea46094b0 pageSize=20 totalElements=2 durationMs=7
2026-06-12T15:58:29.367+05:30  INFO 13024 --- [backend-assessment-api] [           main] c.b.a.c.logging.CorrelationIdFilter      : Request completed. correlationId=c0220558-d2c6-425a-a7e4-d9aea46094b0 method=GET path=/api/v1/policies status=200 durationMs=19
]]></system-out>
  </testcase>
  <testcase name="getPolicyById_whenMissing_returnsNotFound" classname="com.backend.assessment.api.controller.PolicyControllerIntegrationTest" time="0.103">
    <system-out><![CDATA[2026-06-12T15:58:29.481+05:30  WARN 13024 --- [backend-assessment-api] [           main] c.b.a.a.e.GlobalExceptionHandler         : Entity not found. correlationId=701269b8-01e4-43dd-8bd8-d2bae53ce376 message=Policy not found: 99999999
2026-06-12T15:58:29.497+05:30  INFO 13024 --- [backend-assessment-api] [           main] c.b.a.c.logging.CorrelationIdFilter      : Request completed. correlationId=701269b8-01e4-43dd-8bd8-d2bae53ce376 method=GET path=/api/v1/policies/99999999 status=404 durationMs=95
]]></system-out>
  </testcase>
  <testcase name="flagPolicies_flagsExistingAndReportsMissing" classname="com.backend.assessment.api.controller.PolicyControllerIntegrationTest" time="0.133">
    <system-out><![CDATA[2026-06-12T15:58:29.523+05:30  INFO 13024 --- [backend-assessment-api] [           main] c.b.assessment.service.PolicyService     : getPolicies completed. correlationId=0d6a9305-9124-4a32-b972-6911d0b27aad pageSize=1 totalElements=12 durationMs=8
2026-06-12T15:58:29.534+05:30  INFO 13024 --- [backend-assessment-api] [           main] c.b.a.c.logging.CorrelationIdFilter      : Request completed. correlationId=0d6a9305-9124-4a32-b972-6911d0b27aad method=GET path=/api/v1/policies status=200 durationMs=17
2026-06-12T15:58:29.614+05:30  INFO 13024 --- [backend-assessment-api] [           main] c.b.assessment.service.PolicyService     : flagPolicies completed. correlationId=b07af3ad-6aeb-4c87-b274-922803f102c7 requested=2 updated=1 durationMs=49
2026-06-12T15:58:29.614+05:30  INFO 13024 --- [backend-assessment-api] [           main] c.b.a.c.logging.CorrelationIdFilter      : Request completed. correlationId=b07af3ad-6aeb-4c87-b274-922803f102c7 method=PATCH path=/api/v1/policies/flag status=200 durationMs=84
]]></system-out>
  </testcase>
  <testcase name="listPolicies_filteredByStatusActive_returnsOnlyActive" classname="com.backend.assessment.api.controller.PolicyControllerIntegrationTest" time="0.039">
    <system-out><![CDATA[2026-06-12T15:58:29.671+05:30  INFO 13024 --- [backend-assessment-api] [           main] c.b.assessment.service.PolicyService     : getPolicies completed. correlationId=8147c043-c076-44cd-8867-2cb0c020c740 pageSize=20 totalElements=9 durationMs=8
2026-06-12T15:58:29.673+05:30  INFO 13024 --- [backend-assessment-api] [           main] c.b.a.c.logging.CorrelationIdFilter      : Request completed. correlationId=8147c043-c076-44cd-8867-2cb0c020c740 method=GET path=/api/v1/policies status=200 durationMs=15
]]></system-out>
  </testcase>
  <testcase name="getPolicyById_whenExists_returnsPolicy" classname="com.backend.assessment.api.controller.PolicyControllerIntegrationTest" time="0.044">
    <system-out><![CDATA[2026-06-12T15:58:29.700+05:30  INFO 13024 --- [backend-assessment-api] [           main] c.b.assessment.service.PolicyService     : getPolicies completed. correlationId=f1748f63-db9c-4c1d-9a69-366049424099 pageSize=1 totalElements=12 durationMs=6
2026-06-12T15:58:29.700+05:30  INFO 13024 --- [backend-assessment-api] [           main] c.b.a.c.logging.CorrelationIdFilter      : Request completed. correlationId=f1748f63-db9c-4c1d-9a69-366049424099 method=GET path=/api/v1/policies status=200 durationMs=11
2026-06-12T15:58:29.716+05:30  INFO 13024 --- [backend-assessment-api] [           main] c.b.a.c.logging.CorrelationIdFilter      : Request completed. correlationId=d4bfb515-9b3a-45ea-a676-0a3cc1f8f07a method=GET path=/api/v1/policies/2 status=200 durationMs=19
]]></system-out>
  </testcase>
  <testcase name="getSummary_returnsAggregatedStatistics" classname="com.backend.assessment.api.controller.PolicyControllerIntegrationTest" time="0.154">
    <system-out><![CDATA[2026-06-12T15:58:29.874+05:30  INFO 13024 --- [backend-assessment-api] [           main] c.b.a.c.logging.CorrelationIdFilter      : Request completed. correlationId=6945c3a6-5613-48e4-a35a-b81cfdee63dd method=GET path=/api/v1/policies/summary status=200 durationMs=130
]]></system-out>
  </testcase>
</testsuite>